Start testing: Feb 11 13:17 CET
----------------------------------------------------------
1/1 Testing: solve_dependencies
1/1 Test: solve_dependencies
Command: "/home/mathias/Documents/C++/DAC_Code_Challenge/build/test/solve_dependencies"
Directory: /home/mathias/Documents/C++/DAC_Code_Challenge/build/test
"solve_dependencies" start time: Feb 11 13:17 CET
Output:
----------------------------------------------------------
[==========] Running 4 tests from 1 test suite.
[----------] Global test environment set-up.
[----------] 4 tests from ParserTests
[ RUN      ] ParserTests.StringToIDTest
[       OK ] ParserTests.StringToIDTest (0 ms)
[ RUN      ] ParserTests.SplitLineTest
[       OK ] ParserTests.SplitLineTest (0 ms)
[ RUN      ] ParserTests.ParseLineTest
[       OK ] ParserTests.ParseLineTest (0 ms)
[ RUN      ] ParserTests.ParseFileTest
[       OK ] ParserTests.ParseFileTest (0 ms)
[----------] 4 tests from ParserTests (0 ms total)

[----------] Global test environment tear-down
[==========] 4 tests from 1 test suite ran. (0 ms total)
[  PASSED  ] 4 tests.
<end of output>
Test time =   0.00 sec
----------------------------------------------------------
Test Passed.
"solve_dependencies" end time: Feb 11 13:17 CET
"solve_dependencies" time elapsed: 00:00:00
----------------------------------------------------------

End testing: Feb 11 13:17 CET
